/data/user/valentina/environments/python3.7-pyinteraph/lib/python3.7/site-packages/MDAnalysis/topology/PDBParser.py:330: UserWarning: Element information is absent or missing for a few atoms. Elements attributes will not be populated.
  warnings.warn("Element information is absent or missing for a few "
/data/user/valentina/environments/python3.7-pyinteraph/lib/python3.7/site-packages/Bio/PDB/Atom.py:218: PDBConstructionWarning: Used element 'N' for Atom (name=N) with given element ''
  warnings.warn(msg, PDBConstructionWarning)
/data/user/valentina/environments/python3.7-pyinteraph/lib/python3.7/site-packages/Bio/PDB/Atom.py:218: PDBConstructionWarning: Used element 'H' for Atom (name=H1) with given element ''
  warnings.warn(msg, PDBConstructionWarning)
/data/user/valentina/environments/python3.7-pyinteraph/lib/python3.7/site-packages/Bio/PDB/Atom.py:218: PDBConstructionWarning: Used element 'H' for Atom (name=H2) with given element ''
  warnings.warn(msg, PDBConstructionWarning)
/data/user/valentina/environments/python3.7-pyinteraph/lib/python3.7/site-packages/Bio/PDB/Atom.py:218: PDBConstructionWarning: Used element 'H' for Atom (name=H3) with given element ''
  warnings.warn(msg, PDBConstructionWarning)
/data/user/valentina/environments/python3.7-pyinteraph/lib/python3.7/site-packages/Bio/PDB/Atom.py:218: PDBConstructionWarning: Used element 'C' for Atom (name=CA) with given element ''
  warnings.warn(msg, PDBConstructionWarning)
/data/user/valentina/environments/python3.7-pyinteraph/lib/python3.7/site-packages/Bio/PDB/Atom.py:218: PDBConstructionWarning: Used element 'H' for Atom (name=HA) with given element ''
  warnings.warn(msg, PDBConstructionWarning)
/data/user/valentina/environments/python3.7-pyinteraph/lib/python3.7/site-packages/Bio/PDB/Atom.py:218: PDBConstructionWarning: Used element 'C' for Atom (name=CB) with given element ''
  warnings.warn(msg, PDBConstructionWarning)
/data/user/valentina/environments/python3.7-pyinteraph/lib/python3.7/site-packages/Bio/PDB/Atom.py:218: PDBConstructionWarning: Used element 'H' for Atom (name=HB) with given element ''
  warnings.warn(msg, PDBConstructionWarning)
/data/user/valentina/environments/python3.7-pyinteraph/lib/python3.7/site-packages/Bio/PDB/Atom.py:218: PDBConstructionWarning: Used element 'C' for Atom (name=CG1) with given element ''
  warnings.warn(msg, PDBConstructionWarning)
/data/user/valentina/environments/python3.7-pyinteraph/lib/python3.7/site-packages/Bio/PDB/Atom.py:218: PDBConstructionWarning: Used element 'H' for Atom (name=1HG1) with given element ''
  warnings.warn(msg, PDBConstructionWarning)
/data/user/valentina/environments/python3.7-pyinteraph/lib/python3.7/site-packages/Bio/PDB/Atom.py:218: PDBConstructionWarning: Used element 'H' for Atom (name=2HG1) with given element ''
  warnings.warn(msg, PDBConstructionWarning)
/data/user/valentina/environments/python3.7-pyinteraph/lib/python3.7/site-packages/Bio/PDB/Atom.py:218: PDBConstructionWarning: Used element 'H' for Atom (name=3HG1) with given element ''
  warnings.warn(msg, PDBConstructionWarning)
/data/user/valentina/environments/python3.7-pyinteraph/lib/python3.7/site-packages/Bio/PDB/Atom.py:218: PDBConstructionWarning: Used element 'C' for Atom (name=CG2) with given element ''
  warnings.warn(msg, PDBConstructionWarning)
/data/user/valentina/environments/python3.7-pyinteraph/lib/python3.7/site-packages/Bio/PDB/Atom.py:218: PDBConstructionWarning: Used element 'H' for Atom (name=1HG2) with given element ''
  warnings.warn(msg, PDBConstructionWarning)
/data/user/valentina/environments/python3.7-pyinteraph/lib/python3.7/site-packages/Bio/PDB/Atom.py:218: PDBConstructionWarning: Used element 'H' for Atom (name=2HG2) with given element ''
  warnings.warn(msg, PDBConstructionWarning)
/data/user/valentina/environments/python3.7-pyinteraph/lib/python3.7/site-packages/Bio/PDB/Atom.py:218: PDBConstructionWarning: Used element 'H' for Atom (name=3HG2) with given element ''
  warnings.warn(msg, PDBConstructionWarning)
/data/user/valentina/environments/python3.7-pyinteraph/lib/python3.7/site-packages/Bio/PDB/Atom.py:218: PDBConstructionWarning: Used element 'C' for Atom (name=C) with given element ''
  warnings.warn(msg, PDBConstructionWarning)
/data/user/valentina/environments/python3.7-pyinteraph/lib/python3.7/site-packages/Bio/PDB/Atom.py:218: PDBConstructionWarning: Used element 'O' for Atom (name=O) with given element ''
  warnings.warn(msg, PDBConstructionWarning)
/data/user/valentina/environments/python3.7-pyinteraph/lib/python3.7/site-packages/Bio/PDB/Atom.py:218: PDBConstructionWarning: Used element 'H' for Atom (name=HN) with given element ''
  warnings.warn(msg, PDBConstructionWarning)
/data/user/valentina/environments/python3.7-pyinteraph/lib/python3.7/site-packages/Bio/PDB/Atom.py:218: PDBConstructionWarning: Used element 'H' for Atom (name=HB1) with given element ''
  warnings.warn(msg, PDBConstructionWarning)
/data/user/valentina/environments/python3.7-pyinteraph/lib/python3.7/site-packages/Bio/PDB/Atom.py:218: PDBConstructionWarning: Used element 'H' for Atom (name=HB2) with given element ''
  warnings.warn(msg, PDBConstructionWarning)
/data/user/valentina/environments/python3.7-pyinteraph/lib/python3.7/site-packages/Bio/PDB/Atom.py:218: PDBConstructionWarning: Used element 'C' for Atom (name=CG) with given element ''
  warnings.warn(msg, PDBConstructionWarning)
/data/user/valentina/environments/python3.7-pyinteraph/lib/python3.7/site-packages/Bio/PDB/Atom.py:218: PDBConstructionWarning: Used element 'O' for Atom (name=OD1) with given element ''
  warnings.warn(msg, PDBConstructionWarning)
/data/user/valentina/environments/python3.7-pyinteraph/lib/python3.7/site-packages/Bio/PDB/Atom.py:218: PDBConstructionWarning: Used element 'N' for Atom (name=ND2) with given element ''
  warnings.warn(msg, PDBConstructionWarning)
/data/user/valentina/environments/python3.7-pyinteraph/lib/python3.7/site-packages/Bio/PDB/Atom.py:218: PDBConstructionWarning: Used element 'H' for Atom (name=1HD2) with given element ''
  warnings.warn(msg, PDBConstructionWarning)
/data/user/valentina/environments/python3.7-pyinteraph/lib/python3.7/site-packages/Bio/PDB/Atom.py:218: PDBConstructionWarning: Used element 'H' for Atom (name=2HD2) with given element ''
  warnings.warn(msg, PDBConstructionWarning)
/data/user/valentina/environments/python3.7-pyinteraph/lib/python3.7/site-packages/Bio/PDB/Atom.py:218: PDBConstructionWarning: Used element 'C' for Atom (name=CD) with given element ''
  warnings.warn(msg, PDBConstructionWarning)
/data/user/valentina/environments/python3.7-pyinteraph/lib/python3.7/site-packages/Bio/PDB/Atom.py:218: PDBConstructionWarning: Used element 'H' for Atom (name=HD1) with given element ''
  warnings.warn(msg, PDBConstructionWarning)
/data/user/valentina/environments/python3.7-pyinteraph/lib/python3.7/site-packages/Bio/PDB/Atom.py:218: PDBConstructionWarning: Used element 'H' for Atom (name=HD2) with given element ''
  warnings.warn(msg, PDBConstructionWarning)
/data/user/valentina/environments/python3.7-pyinteraph/lib/python3.7/site-packages/Bio/PDB/Atom.py:218: PDBConstructionWarning: Used element 'H' for Atom (name=HG1) with given element ''
  warnings.warn(msg, PDBConstructionWarning)
/data/user/valentina/environments/python3.7-pyinteraph/lib/python3.7/site-packages/Bio/PDB/Atom.py:218: PDBConstructionWarning: Used element 'H' for Atom (name=HG2) with given element ''
  warnings.warn(msg, PDBConstructionWarning)
/data/user/valentina/environments/python3.7-pyinteraph/lib/python3.7/site-packages/Bio/PDB/Atom.py:218: PDBConstructionWarning: Used element 'O' for Atom (name=OG1) with given element ''
  warnings.warn(msg, PDBConstructionWarning)
/data/user/valentina/environments/python3.7-pyinteraph/lib/python3.7/site-packages/Bio/PDB/Atom.py:218: PDBConstructionWarning: Used element 'C' for Atom (name=CD1) with given element ''
  warnings.warn(msg, PDBConstructionWarning)
/data/user/valentina/environments/python3.7-pyinteraph/lib/python3.7/site-packages/Bio/PDB/Atom.py:218: PDBConstructionWarning: Used element 'C' for Atom (name=CE1) with given element ''
  warnings.warn(msg, PDBConstructionWarning)
/data/user/valentina/environments/python3.7-pyinteraph/lib/python3.7/site-packages/Bio/PDB/Atom.py:218: PDBConstructionWarning: Used element 'H' for Atom (name=HE1) with given element ''
  warnings.warn(msg, PDBConstructionWarning)
/data/user/valentina/environments/python3.7-pyinteraph/lib/python3.7/site-packages/Bio/PDB/Atom.py:218: PDBConstructionWarning: Used element 'C' for Atom (name=CZ) with given element ''
  warnings.warn(msg, PDBConstructionWarning)
/data/user/valentina/environments/python3.7-pyinteraph/lib/python3.7/site-packages/Bio/PDB/Atom.py:218: PDBConstructionWarning: Used element 'H' for Atom (name=HZ) with given element ''
  warnings.warn(msg, PDBConstructionWarning)
/data/user/valentina/environments/python3.7-pyinteraph/lib/python3.7/site-packages/Bio/PDB/Atom.py:218: PDBConstructionWarning: Used element 'C' for Atom (name=CD2) with given element ''
  warnings.warn(msg, PDBConstructionWarning)
/data/user/valentina/environments/python3.7-pyinteraph/lib/python3.7/site-packages/Bio/PDB/Atom.py:218: PDBConstructionWarning: Used element 'C' for Atom (name=CE2) with given element ''
  warnings.warn(msg, PDBConstructionWarning)
/data/user/valentina/environments/python3.7-pyinteraph/lib/python3.7/site-packages/Bio/PDB/Atom.py:218: PDBConstructionWarning: Used element 'H' for Atom (name=HE2) with given element ''
  warnings.warn(msg, PDBConstructionWarning)
/data/user/valentina/environments/python3.7-pyinteraph/lib/python3.7/site-packages/Bio/PDB/Atom.py:218: PDBConstructionWarning: Used element 'O' for Atom (name=OD2) with given element ''
  warnings.warn(msg, PDBConstructionWarning)
/data/user/valentina/environments/python3.7-pyinteraph/lib/python3.7/site-packages/Bio/PDB/Atom.py:218: PDBConstructionWarning: Used element 'H' for Atom (name=HD3) with given element ''
  warnings.warn(msg, PDBConstructionWarning)
/data/user/valentina/environments/python3.7-pyinteraph/lib/python3.7/site-packages/Bio/PDB/Atom.py:218: PDBConstructionWarning: Used element 'H' for Atom (name=HB3) with given element ''
  warnings.warn(msg, PDBConstructionWarning)
/data/user/valentina/environments/python3.7-pyinteraph/lib/python3.7/site-packages/Bio/PDB/Atom.py:218: PDBConstructionWarning: Used element 'H' for Atom (name=HA1) with given element ''
  warnings.warn(msg, PDBConstructionWarning)
/data/user/valentina/environments/python3.7-pyinteraph/lib/python3.7/site-packages/Bio/PDB/Atom.py:218: PDBConstructionWarning: Used element 'H' for Atom (name=HA2) with given element ''
  warnings.warn(msg, PDBConstructionWarning)
/data/user/valentina/environments/python3.7-pyinteraph/lib/python3.7/site-packages/Bio/PDB/Atom.py:218: PDBConstructionWarning: Used element 'O' for Atom (name=OE1) with given element ''
  warnings.warn(msg, PDBConstructionWarning)
/data/user/valentina/environments/python3.7-pyinteraph/lib/python3.7/site-packages/Bio/PDB/Atom.py:218: PDBConstructionWarning: Used element 'O' for Atom (name=OE2) with given element ''
  warnings.warn(msg, PDBConstructionWarning)
/data/user/valentina/environments/python3.7-pyinteraph/lib/python3.7/site-packages/Bio/PDB/Atom.py:218: PDBConstructionWarning: Used element 'H' for Atom (name=HG) with given element ''
  warnings.warn(msg, PDBConstructionWarning)
/data/user/valentina/environments/python3.7-pyinteraph/lib/python3.7/site-packages/Bio/PDB/Atom.py:218: PDBConstructionWarning: Used element 'H' for Atom (name=1HD1) with given element ''
  warnings.warn(msg, PDBConstructionWarning)
/data/user/valentina/environments/python3.7-pyinteraph/lib/python3.7/site-packages/Bio/PDB/Atom.py:218: PDBConstructionWarning: Used element 'H' for Atom (name=2HD1) with given element ''
  warnings.warn(msg, PDBConstructionWarning)
/data/user/valentina/environments/python3.7-pyinteraph/lib/python3.7/site-packages/Bio/PDB/Atom.py:218: PDBConstructionWarning: Used element 'H' for Atom (name=3HD1) with given element ''
  warnings.warn(msg, PDBConstructionWarning)
/data/user/valentina/environments/python3.7-pyinteraph/lib/python3.7/site-packages/Bio/PDB/Atom.py:218: PDBConstructionWarning: Used element 'H' for Atom (name=3HD2) with given element ''
  warnings.warn(msg, PDBConstructionWarning)
/data/user/valentina/environments/python3.7-pyinteraph/lib/python3.7/site-packages/Bio/PDB/Atom.py:218: PDBConstructionWarning: Used element 'N' for Atom (name=NE) with given element ''
  warnings.warn(msg, PDBConstructionWarning)
/data/user/valentina/environments/python3.7-pyinteraph/lib/python3.7/site-packages/Bio/PDB/Atom.py:218: PDBConstructionWarning: Used element 'H' for Atom (name=HE) with given element ''
  warnings.warn(msg, PDBConstructionWarning)
/data/user/valentina/environments/python3.7-pyinteraph/lib/python3.7/site-packages/Bio/PDB/Atom.py:218: PDBConstructionWarning: Used element 'N' for Atom (name=NH1) with given element ''
  warnings.warn(msg, PDBConstructionWarning)
/data/user/valentina/environments/python3.7-pyinteraph/lib/python3.7/site-packages/Bio/PDB/Atom.py:218: PDBConstructionWarning: Used element 'H' for Atom (name=1HH1) with given element ''
  warnings.warn(msg, PDBConstructionWarning)
/data/user/valentina/environments/python3.7-pyinteraph/lib/python3.7/site-packages/Bio/PDB/Atom.py:218: PDBConstructionWarning: Used element 'H' for Atom (name=2HH1) with given element ''
  warnings.warn(msg, PDBConstructionWarning)
/data/user/valentina/environments/python3.7-pyinteraph/lib/python3.7/site-packages/Bio/PDB/Atom.py:218: PDBConstructionWarning: Used element 'N' for Atom (name=NH2) with given element ''
  warnings.warn(msg, PDBConstructionWarning)
/data/user/valentina/environments/python3.7-pyinteraph/lib/python3.7/site-packages/Bio/PDB/Atom.py:218: PDBConstructionWarning: Used element 'H' for Atom (name=1HH2) with given element ''
  warnings.warn(msg, PDBConstructionWarning)
/data/user/valentina/environments/python3.7-pyinteraph/lib/python3.7/site-packages/Bio/PDB/Atom.py:218: PDBConstructionWarning: Used element 'H' for Atom (name=2HH2) with given element ''
  warnings.warn(msg, PDBConstructionWarning)
/data/user/valentina/environments/python3.7-pyinteraph/lib/python3.7/site-packages/Bio/PDB/Atom.py:218: PDBConstructionWarning: Used element 'O' for Atom (name=OG) with given element ''
  warnings.warn(msg, PDBConstructionWarning)
/data/user/valentina/environments/python3.7-pyinteraph/lib/python3.7/site-packages/Bio/PDB/Atom.py:218: PDBConstructionWarning: Used element 'C' for Atom (name=CE) with given element ''
  warnings.warn(msg, PDBConstructionWarning)
/data/user/valentina/environments/python3.7-pyinteraph/lib/python3.7/site-packages/Bio/PDB/Atom.py:218: PDBConstructionWarning: Used element 'N' for Atom (name=NZ) with given element ''
  warnings.warn(msg, PDBConstructionWarning)
/data/user/valentina/environments/python3.7-pyinteraph/lib/python3.7/site-packages/Bio/PDB/Atom.py:218: PDBConstructionWarning: Used element 'H' for Atom (name=HZ1) with given element ''
  warnings.warn(msg, PDBConstructionWarning)
/data/user/valentina/environments/python3.7-pyinteraph/lib/python3.7/site-packages/Bio/PDB/Atom.py:218: PDBConstructionWarning: Used element 'H' for Atom (name=HZ2) with given element ''
  warnings.warn(msg, PDBConstructionWarning)
/data/user/valentina/environments/python3.7-pyinteraph/lib/python3.7/site-packages/Bio/PDB/Atom.py:218: PDBConstructionWarning: Used element 'H' for Atom (name=HZ3) with given element ''
  warnings.warn(msg, PDBConstructionWarning)
/data/user/valentina/environments/python3.7-pyinteraph/lib/python3.7/site-packages/Bio/PDB/Atom.py:218: PDBConstructionWarning: Used element 'O' for Atom (name=OH) with given element ''
  warnings.warn(msg, PDBConstructionWarning)
/data/user/valentina/environments/python3.7-pyinteraph/lib/python3.7/site-packages/Bio/PDB/Atom.py:218: PDBConstructionWarning: Used element 'H' for Atom (name=HH) with given element ''
  warnings.warn(msg, PDBConstructionWarning)
/data/user/valentina/environments/python3.7-pyinteraph/lib/python3.7/site-packages/Bio/PDB/Atom.py:218: PDBConstructionWarning: Used element 'S' for Atom (name=SG) with given element ''
  warnings.warn(msg, PDBConstructionWarning)
/data/user/valentina/environments/python3.7-pyinteraph/lib/python3.7/site-packages/Bio/PDB/Atom.py:218: PDBConstructionWarning: Used element 'N' for Atom (name=ND1) with given element ''
  warnings.warn(msg, PDBConstructionWarning)
/data/user/valentina/environments/python3.7-pyinteraph/lib/python3.7/site-packages/Bio/PDB/Atom.py:218: PDBConstructionWarning: Used element 'N' for Atom (name=NE2) with given element ''
  warnings.warn(msg, PDBConstructionWarning)
/data/user/valentina/environments/python3.7-pyinteraph/lib/python3.7/site-packages/Bio/PDB/Atom.py:218: PDBConstructionWarning: Used element 'S' for Atom (name=SD) with given element ''
  warnings.warn(msg, PDBConstructionWarning)
/data/user/valentina/environments/python3.7-pyinteraph/lib/python3.7/site-packages/Bio/PDB/Atom.py:218: PDBConstructionWarning: Used element 'H' for Atom (name=HE3) with given element ''
  warnings.warn(msg, PDBConstructionWarning)
/data/user/valentina/environments/python3.7-pyinteraph/lib/python3.7/site-packages/Bio/PDB/Atom.py:218: PDBConstructionWarning: Used element 'H' for Atom (name=1HE2) with given element ''
  warnings.warn(msg, PDBConstructionWarning)
/data/user/valentina/environments/python3.7-pyinteraph/lib/python3.7/site-packages/Bio/PDB/Atom.py:218: PDBConstructionWarning: Used element 'H' for Atom (name=2HE2) with given element ''
  warnings.warn(msg, PDBConstructionWarning)
/data/user/valentina/environments/python3.7-pyinteraph/lib/python3.7/site-packages/Bio/PDB/Atom.py:218: PDBConstructionWarning: Used element 'N' for Atom (name=NE1) with given element ''
  warnings.warn(msg, PDBConstructionWarning)
/data/user/valentina/environments/python3.7-pyinteraph/lib/python3.7/site-packages/Bio/PDB/Atom.py:218: PDBConstructionWarning: Used element 'C' for Atom (name=CE3) with given element ''
  warnings.warn(msg, PDBConstructionWarning)
/data/user/valentina/environments/python3.7-pyinteraph/lib/python3.7/site-packages/Bio/PDB/Atom.py:218: PDBConstructionWarning: Used element 'C' for Atom (name=CZ3) with given element ''
  warnings.warn(msg, PDBConstructionWarning)
/data/user/valentina/environments/python3.7-pyinteraph/lib/python3.7/site-packages/Bio/PDB/Atom.py:218: PDBConstructionWarning: Used element 'C' for Atom (name=CZ2) with given element ''
  warnings.warn(msg, PDBConstructionWarning)
/data/user/valentina/environments/python3.7-pyinteraph/lib/python3.7/site-packages/Bio/PDB/Atom.py:218: PDBConstructionWarning: Used element 'C' for Atom (name=CH2) with given element ''
  warnings.warn(msg, PDBConstructionWarning)
/data/user/valentina/environments/python3.7-pyinteraph/lib/python3.7/site-packages/Bio/PDB/Atom.py:218: PDBConstructionWarning: Used element 'H' for Atom (name=HH2) with given element ''
  warnings.warn(msg, PDBConstructionWarning)
/data/user/valentina/environments/python3.7-pyinteraph/lib/python3.7/site-packages/Bio/PDB/Atom.py:218: PDBConstructionWarning: Used element 'O' for Atom (name=OT1) with given element ''
  warnings.warn(msg, PDBConstructionWarning)
/data/user/valentina/environments/python3.7-pyinteraph/lib/python3.7/site-packages/Bio/PDB/Atom.py:218: PDBConstructionWarning: Used element 'O' for Atom (name=OT2) with given element ''
  warnings.warn(msg, PDBConstructionWarning)
/data/user/valentina/environments/python3.7-pyinteraph/lib/python3.7/site-packages/Bio/PDB/PDBParser.py:399: PDBConstructionWarning: Ignoring unrecognized record 'TER' at line 2472
  PDBConstructionWarning,
Graph loaded! 163 nodes, 119 edges
Node list: 
SYSTEM-10ILE
SYSTEM-100MET
SYSTEM-101ALA
SYSTEM-102ASN
SYSTEM-103ALA
SYSTEM-104GLY
SYSTEM-105PRO
SYSTEM-106ASN
SYSTEM-107THR
SYSTEM-108ASN
SYSTEM-109GLY
SYSTEM-11ALA
SYSTEM-110SER
SYSTEM-111GLN
SYSTEM-112PHE
SYSTEM-113PHE
SYSTEM-114ILE
SYSTEM-115CYS
SYSTEM-116THR
SYSTEM-117ALA
SYSTEM-118LYS
SYSTEM-119THR
SYSTEM-12VAL
SYSTEM-120GLU
SYSTEM-121TRP
SYSTEM-122LEU
SYSTEM-123ASP
SYSTEM-124GLY
SYSTEM-125LYS
SYSTEM-126HIS
SYSTEM-127VAL
SYSTEM-128VAL
SYSTEM-129PHE
SYSTEM-13ASP
SYSTEM-130GLY
SYSTEM-131LYS
SYSTEM-132VAL
SYSTEM-133LYS
SYSTEM-134GLU
SYSTEM-135GLY
SYSTEM-136MET
SYSTEM-137ASN
SYSTEM-138ILE
SYSTEM-139VAL
SYSTEM-14GLY
SYSTEM-140GLU
SYSTEM-141ALA
SYSTEM-142MET
SYSTEM-143GLU
SYSTEM-144ARG
SYSTEM-145PHE
SYSTEM-146GLY
SYSTEM-147SER
SYSTEM-148ARG
SYSTEM-149ASN
SYSTEM-15GLU
SYSTEM-150GLY
SYSTEM-151LYS
SYSTEM-152THR
SYSTEM-153SER
SYSTEM-154LYS
SYSTEM-155LYS
SYSTEM-156ILE
SYSTEM-157THR
SYSTEM-158ILE
SYSTEM-159ALA
SYSTEM-16PRO
SYSTEM-160ASP
SYSTEM-161CYS
SYSTEM-162GLY
SYSTEM-163GLN
SYSTEM-164LEU
SYSTEM-17LEU
SYSTEM-18GLY
SYSTEM-19ARG
SYSTEM-2VAL
SYSTEM-20VAL
SYSTEM-21SER
SYSTEM-22PHE
SYSTEM-23GLU
SYSTEM-24LEU
SYSTEM-25PHE
SYSTEM-26ALA
SYSTEM-27ASP
SYSTEM-28LYS
SYSTEM-29VAL
SYSTEM-3ASN
SYSTEM-30PRO
SYSTEM-31LYS
SYSTEM-32THR
SYSTEM-33ALA
SYSTEM-34GLU
SYSTEM-35ASN
SYSTEM-36PHE
SYSTEM-37ARG
SYSTEM-38ALA
SYSTEM-39LEU
SYSTEM-4PRO
SYSTEM-40SER
SYSTEM-41THR
SYSTEM-42GLY
SYSTEM-43GLU
SYSTEM-44LYS
SYSTEM-45GLY
SYSTEM-46PHE
SYSTEM-47GLY
SYSTEM-48TYR
SYSTEM-49LYS
SYSTEM-5THR
SYSTEM-50GLY
SYSTEM-51SER
SYSTEM-52CYS
SYSTEM-53PHE
SYSTEM-54HIS
SYSTEM-55ARG
SYSTEM-56ILE
SYSTEM-57ILE
SYSTEM-58PRO
SYSTEM-59GLY
SYSTEM-6VAL
SYSTEM-60PHE
SYSTEM-61MET
SYSTEM-62CYS
SYSTEM-63GLN
SYSTEM-64GLY
SYSTEM-65GLY
SYSTEM-66ASP
SYSTEM-67PHE
SYSTEM-68THR
SYSTEM-69ARG
SYSTEM-7PHE
SYSTEM-70HIS
SYSTEM-71ASN
SYSTEM-72GLY
SYSTEM-73THR
SYSTEM-74GLY
SYSTEM-75GLY
SYSTEM-76LYS
SYSTEM-77SER
SYSTEM-78ILE
SYSTEM-79TYR
SYSTEM-8PHE
SYSTEM-80GLY
SYSTEM-81GLU
SYSTEM-82LYS
SYSTEM-83PHE
SYSTEM-84GLU
SYSTEM-85ASP
SYSTEM-86GLU
SYSTEM-87ASN
SYSTEM-88PHE
SYSTEM-89ILE
SYSTEM-9ASP
SYSTEM-90LEU
SYSTEM-91LYS
SYSTEM-92HIS
SYSTEM-93THR
SYSTEM-94GLY
SYSTEM-95PRO
SYSTEM-96GLY
SYSTEM-97ILE
SYSTEM-98LEU
SYSTEM-99SER
[('SYSTEM-32THR', 5), ('SYSTEM-38ALA', 5), ('SYSTEM-92HIS', 5), ('SYSTEM-142MET', 5), ('SYSTEM-12VAL', 4), ('SYSTEM-35ASN', 4), ('SYSTEM-37ARG', 4), ('SYSTEM-62CYS', 4), ('SYSTEM-63GLN', 4), ('SYSTEM-77SER', 4), ('SYSTEM-78ILE', 4), ('SYSTEM-83PHE', 4), ('SYSTEM-86GLU', 4), ('SYSTEM-119THR', 4), ('SYSTEM-13ASP', 3), ('SYSTEM-23GLU', 3), ('SYSTEM-24LEU', 3), ('SYSTEM-31LYS', 3), ('SYSTEM-40SER', 3), ('SYSTEM-52CYS', 3), ('SYSTEM-61MET', 3), ('SYSTEM-99SER', 3), ('SYSTEM-108ASN', 3), ('SYSTEM-110SER', 3), ('SYSTEM-113PHE', 3), ('SYSTEM-122LEU', 3), ('SYSTEM-128VAL', 3), ('SYSTEM-139VAL', 3), ('SYSTEM-145PHE', 3), ('SYSTEM-156ILE', 3)]
Hubs:
	Node	k
	SYSTEM-32THR	5
	SYSTEM-38ALA	5
	SYSTEM-92HIS	5
	SYSTEM-142MET	5
	SYSTEM-12VAL	4
	SYSTEM-35ASN	4
	SYSTEM-37ARG	4
	SYSTEM-62CYS	4
	SYSTEM-63GLN	4
	SYSTEM-77SER	4
	SYSTEM-78ILE	4
	SYSTEM-83PHE	4
	SYSTEM-86GLU	4
	SYSTEM-119THR	4
	SYSTEM-13ASP	3
	SYSTEM-23GLU	3
	SYSTEM-24LEU	3
	SYSTEM-31LYS	3
	SYSTEM-40SER	3
	SYSTEM-52CYS	3
	SYSTEM-61MET	3
	SYSTEM-99SER	3
	SYSTEM-108ASN	3
	SYSTEM-110SER	3
	SYSTEM-113PHE	3
	SYSTEM-122LEU	3
	SYSTEM-128VAL	3
	SYSTEM-139VAL	3
	SYSTEM-145PHE	3
	SYSTEM-156ILE	3
