Graph loaded! 163 nodes, 119 edges
Node list: 
SYSTEM-10ILE
SYSTEM-100MET
SYSTEM-101ALA
SYSTEM-102ASN
SYSTEM-103ALA
SYSTEM-104GLY
SYSTEM-105PRO
SYSTEM-106ASN
SYSTEM-107THR
SYSTEM-108ASN
SYSTEM-109GLY
SYSTEM-11ALA
SYSTEM-110SER
SYSTEM-111GLN
SYSTEM-112PHE
SYSTEM-113PHE
SYSTEM-114ILE
SYSTEM-115CYS
SYSTEM-116THR
SYSTEM-117ALA
SYSTEM-118LYS
SYSTEM-119THR
SYSTEM-12VAL
SYSTEM-120GLU
SYSTEM-121TRP
SYSTEM-122LEU
SYSTEM-123ASP
SYSTEM-124GLY
SYSTEM-125LYS
SYSTEM-126HIS
SYSTEM-127VAL
SYSTEM-128VAL
SYSTEM-129PHE
SYSTEM-13ASP
SYSTEM-130GLY
SYSTEM-131LYS
SYSTEM-132VAL
SYSTEM-133LYS
SYSTEM-134GLU
SYSTEM-135GLY
SYSTEM-136MET
SYSTEM-137ASN
SYSTEM-138ILE
SYSTEM-139VAL
SYSTEM-14GLY
SYSTEM-140GLU
SYSTEM-141ALA
SYSTEM-142MET
SYSTEM-143GLU
SYSTEM-144ARG
SYSTEM-145PHE
SYSTEM-146GLY
SYSTEM-147SER
SYSTEM-148ARG
SYSTEM-149ASN
SYSTEM-15GLU
SYSTEM-150GLY
SYSTEM-151LYS
SYSTEM-152THR
SYSTEM-153SER
SYSTEM-154LYS
SYSTEM-155LYS
SYSTEM-156ILE
SYSTEM-157THR
SYSTEM-158ILE
SYSTEM-159ALA
SYSTEM-16PRO
SYSTEM-160ASP
SYSTEM-161CYS
SYSTEM-162GLY
SYSTEM-163GLN
SYSTEM-164LEU
SYSTEM-17LEU
SYSTEM-18GLY
SYSTEM-19ARG
SYSTEM-2VAL
SYSTEM-20VAL
SYSTEM-21SER
SYSTEM-22PHE
SYSTEM-23GLU
SYSTEM-24LEU
SYSTEM-25PHE
SYSTEM-26ALA
SYSTEM-27ASP
SYSTEM-28LYS
SYSTEM-29VAL
SYSTEM-3ASN
SYSTEM-30PRO
SYSTEM-31LYS
SYSTEM-32THR
SYSTEM-33ALA
SYSTEM-34GLU
SYSTEM-35ASN
SYSTEM-36PHE
SYSTEM-37ARG
SYSTEM-38ALA
SYSTEM-39LEU
SYSTEM-4PRO
SYSTEM-40SER
SYSTEM-41THR
SYSTEM-42GLY
SYSTEM-43GLU
SYSTEM-44LYS
SYSTEM-45GLY
SYSTEM-46PHE
SYSTEM-47GLY
SYSTEM-48TYR
SYSTEM-49LYS
SYSTEM-5THR
SYSTEM-50GLY
SYSTEM-51SER
SYSTEM-52CYS
SYSTEM-53PHE
SYSTEM-54HIS
SYSTEM-55ARG
SYSTEM-56ILE
SYSTEM-57ILE
SYSTEM-58PRO
SYSTEM-59GLY
SYSTEM-6VAL
SYSTEM-60PHE
SYSTEM-61MET
SYSTEM-62CYS
SYSTEM-63GLN
SYSTEM-64GLY
SYSTEM-65GLY
SYSTEM-66ASP
SYSTEM-67PHE
SYSTEM-68THR
SYSTEM-69ARG
SYSTEM-7PHE
SYSTEM-70HIS
SYSTEM-71ASN
SYSTEM-72GLY
SYSTEM-73THR
SYSTEM-74GLY
SYSTEM-75GLY
SYSTEM-76LYS
SYSTEM-77SER
SYSTEM-78ILE
SYSTEM-79TYR
SYSTEM-8PHE
SYSTEM-80GLY
SYSTEM-81GLU
SYSTEM-82LYS
SYSTEM-83PHE
SYSTEM-84GLU
SYSTEM-85ASP
SYSTEM-86GLU
SYSTEM-87ASN
SYSTEM-88PHE
SYSTEM-89ILE
SYSTEM-9ASP
SYSTEM-90LEU
SYSTEM-91LYS
SYSTEM-92HIS
SYSTEM-93THR
SYSTEM-94GLY
SYSTEM-95PRO
SYSTEM-96GLY
SYSTEM-97ILE
SYSTEM-98LEU
SYSTEM-99SER
[{'SYSTEM-2VAL'}, {'SYSTEM-3ASN', 'SYSTEM-5THR', 'SYSTEM-23GLU', 'SYSTEM-133LYS', 'SYSTEM-131LYS', 'SYSTEM-164LEU'}, {'SYSTEM-26ALA', 'SYSTEM-158ILE', 'SYSTEM-33ALA', 'SYSTEM-40SER', 'SYSTEM-51SER', 'SYSTEM-36PHE', 'SYSTEM-6VAL', 'SYSTEM-24LEU', 'SYSTEM-4PRO', 'SYSTEM-8PHE', 'SYSTEM-161CYS'}, {'SYSTEM-7PHE', 'SYSTEM-9ASP', 'SYSTEM-19ARG'}, {'SYSTEM-116THR', 'SYSTEM-79TYR', 'SYSTEM-62CYS', 'SYSTEM-145PHE', 'SYSTEM-88PHE', 'SYSTEM-78ILE', 'SYSTEM-154LYS', 'SYSTEM-34GLU', 'SYSTEM-56ILE', 'SYSTEM-163GLN', 'SYSTEM-142MET', 'SYSTEM-157THR', 'SYSTEM-29VAL', 'SYSTEM-98LEU', 'SYSTEM-35ASN', 'SYSTEM-127VAL', 'SYSTEM-156ILE', 'SYSTEM-143GLU', 'SYSTEM-86GLU', 'SYSTEM-141ALA', 'SYSTEM-139VAL', 'SYSTEM-44LYS', 'SYSTEM-37ARG', 'SYSTEM-53PHE', 'SYSTEM-13ASP', 'SYSTEM-31LYS', 'SYSTEM-12VAL', 'SYSTEM-85ASP', 'SYSTEM-83PHE', 'SYSTEM-132VAL', 'SYSTEM-144ARG', 'SYSTEM-43GLU', 'SYSTEM-155LYS', 'SYSTEM-41THR', 'SYSTEM-48TYR', 'SYSTEM-10ILE', 'SYSTEM-87ASN', 'SYSTEM-22PHE', 'SYSTEM-77SER', 'SYSTEM-58PRO', 'SYSTEM-148ARG', 'SYSTEM-52CYS', 'SYSTEM-38ALA', 'SYSTEM-129PHE', 'SYSTEM-108ASN', 'SYSTEM-17LEU', 'SYSTEM-152THR', 'SYSTEM-114ILE', 'SYSTEM-136MET', 'SYSTEM-32THR', 'SYSTEM-39LEU', 'SYSTEM-100MET'}, {'SYSTEM-16PRO', 'SYSTEM-11ALA', 'SYSTEM-159ALA'}, {'SYSTEM-14GLY'}, {'SYSTEM-15GLU'}, {'SYSTEM-18GLY'}, {'SYSTEM-20VAL'}, {'SYSTEM-134GLU', 'SYSTEM-21SER'}, {'SYSTEM-25PHE', 'SYSTEM-90LEU'}, {'SYSTEM-27ASP'}, {'SYSTEM-28LYS'}, {'SYSTEM-30PRO'}, {'SYSTEM-42GLY'}, {'SYSTEM-45GLY'}, {'SYSTEM-46PHE', 'SYSTEM-76LYS'}, {'SYSTEM-47GLY'}, {'SYSTEM-160ASP', 'SYSTEM-49LYS'}, {'SYSTEM-50GLY'}, {'SYSTEM-126HIS', 'SYSTEM-101ALA', 'SYSTEM-92HIS', 'SYSTEM-54HIS', 'SYSTEM-121TRP', 'SYSTEM-119THR', 'SYSTEM-97ILE', 'SYSTEM-60PHE', 'SYSTEM-102ASN', 'SYSTEM-128VAL', 'SYSTEM-113PHE', 'SYSTEM-99SER', 'SYSTEM-122LEU', 'SYSTEM-123ASP', 'SYSTEM-63GLN', 'SYSTEM-91LYS', 'SYSTEM-55ARG', 'SYSTEM-115CYS', 'SYSTEM-61MET'}, {'SYSTEM-57ILE'}, {'SYSTEM-59GLY'}, {'SYSTEM-64GLY'}, {'SYSTEM-65GLY'}, {'SYSTEM-66ASP'}, {'SYSTEM-110SER', 'SYSTEM-68THR', 'SYSTEM-107THR', 'SYSTEM-103ALA', 'SYSTEM-67PHE', 'SYSTEM-111GLN'}, {'SYSTEM-71ASN', 'SYSTEM-69ARG', 'SYSTEM-73THR'}, {'SYSTEM-70HIS'}, {'SYSTEM-72GLY'}, {'SYSTEM-74GLY'}, {'SYSTEM-75GLY'}, {'SYSTEM-80GLY'}, {'SYSTEM-81GLU'}, {'SYSTEM-84GLU', 'SYSTEM-82LYS'}, {'SYSTEM-89ILE'}, {'SYSTEM-93THR'}, {'SYSTEM-94GLY'}, {'SYSTEM-95PRO'}, {'SYSTEM-96GLY'}, {'SYSTEM-104GLY'}, {'SYSTEM-105PRO'}, {'SYSTEM-106ASN'}, {'SYSTEM-109GLY'}, {'SYSTEM-112PHE'}, {'SYSTEM-117ALA'}, {'SYSTEM-120GLU', 'SYSTEM-118LYS'}, {'SYSTEM-124GLY'}, {'SYSTEM-125LYS'}, {'SYSTEM-130GLY'}, {'SYSTEM-135GLY'}, {'SYSTEM-138ILE', 'SYSTEM-137ASN'}, {'SYSTEM-140GLU'}, {'SYSTEM-146GLY'}, {'SYSTEM-149ASN', 'SYSTEM-147SER'}, {'SYSTEM-150GLY'}, {'SYSTEM-151LYS'}, {'SYSTEM-153SER'}, {'SYSTEM-162GLY'}]
Connected component 1
 (1 elements) SYSTEM-2VAL
Connected component 2
 (6 elements) SYSTEM-131LYS, SYSTEM-133LYS, SYSTEM-164LEU, SYSTEM-23GLU, SYSTEM-3ASN, SYSTEM-5THR
Connected component 3
 (11 elements) SYSTEM-158ILE, SYSTEM-161CYS, SYSTEM-24LEU, SYSTEM-26ALA, SYSTEM-33ALA, SYSTEM-36PHE, SYSTEM-4PRO, SYSTEM-40SER, SYSTEM-51SER, SYSTEM-6VAL, SYSTEM-8PHE
Connected component 4
 (3 elements) SYSTEM-19ARG, SYSTEM-7PHE, SYSTEM-9ASP
Connected component 5
 (52 elements) SYSTEM-10ILE, SYSTEM-100MET, SYSTEM-108ASN, SYSTEM-114ILE, SYSTEM-116THR, SYSTEM-12VAL, SYSTEM-127VAL, SYSTEM-129PHE, SYSTEM-13ASP, SYSTEM-132VAL, SYSTEM-136MET, SYSTEM-139VAL, SYSTEM-141ALA, SYSTEM-142MET, SYSTEM-143GLU, SYSTEM-144ARG, SYSTEM-145PHE, SYSTEM-148ARG, SYSTEM-152THR, SYSTEM-154LYS, SYSTEM-155LYS, SYSTEM-156ILE, SYSTEM-157THR, SYSTEM-163GLN, SYSTEM-17LEU, SYSTEM-22PHE, SYSTEM-29VAL, SYSTEM-31LYS, SYSTEM-32THR, SYSTEM-34GLU, SYSTEM-35ASN, SYSTEM-37ARG, SYSTEM-38ALA, SYSTEM-39LEU, SYSTEM-41THR, SYSTEM-43GLU, SYSTEM-44LYS, SYSTEM-48TYR, SYSTEM-52CYS, SYSTEM-53PHE, SYSTEM-56ILE, SYSTEM-58PRO, SYSTEM-62CYS, SYSTEM-77SER, SYSTEM-78ILE, SYSTEM-79TYR, SYSTEM-83PHE, SYSTEM-85ASP, SYSTEM-86GLU, SYSTEM-87ASN, SYSTEM-88PHE, SYSTEM-98LEU
Connected component 6
 (3 elements) SYSTEM-11ALA, SYSTEM-159ALA, SYSTEM-16PRO
Connected component 7
 (1 elements) SYSTEM-14GLY
Connected component 8
 (1 elements) SYSTEM-15GLU
Connected component 9
 (1 elements) SYSTEM-18GLY
Connected component 10
 (1 elements) SYSTEM-20VAL
Connected component 11
 (2 elements) SYSTEM-134GLU, SYSTEM-21SER
Connected component 12
 (2 elements) SYSTEM-25PHE, SYSTEM-90LEU
Connected component 13
 (1 elements) SYSTEM-27ASP
Connected component 14
 (1 elements) SYSTEM-28LYS
Connected component 15
 (1 elements) SYSTEM-30PRO
Connected component 16
 (1 elements) SYSTEM-42GLY
Connected component 17
 (1 elements) SYSTEM-45GLY
Connected component 18
 (2 elements) SYSTEM-46PHE, SYSTEM-76LYS
Connected component 19
 (1 elements) SYSTEM-47GLY
Connected component 20
 (2 elements) SYSTEM-160ASP, SYSTEM-49LYS
Connected component 21
 (1 elements) SYSTEM-50GLY
Connected component 22
 (19 elements) SYSTEM-101ALA, SYSTEM-102ASN, SYSTEM-113PHE, SYSTEM-115CYS, SYSTEM-119THR, SYSTEM-121TRP, SYSTEM-122LEU, SYSTEM-123ASP, SYSTEM-126HIS, SYSTEM-128VAL, SYSTEM-54HIS, SYSTEM-55ARG, SYSTEM-60PHE, SYSTEM-61MET, SYSTEM-63GLN, SYSTEM-91LYS, SYSTEM-92HIS, SYSTEM-97ILE, SYSTEM-99SER
Connected component 23
 (1 elements) SYSTEM-57ILE
Connected component 24
 (1 elements) SYSTEM-59GLY
Connected component 25
 (1 elements) SYSTEM-64GLY
Connected component 26
 (1 elements) SYSTEM-65GLY
Connected component 27
 (1 elements) SYSTEM-66ASP
Connected component 28
 (6 elements) SYSTEM-103ALA, SYSTEM-107THR, SYSTEM-110SER, SYSTEM-111GLN, SYSTEM-67PHE, SYSTEM-68THR
Connected component 29
 (3 elements) SYSTEM-69ARG, SYSTEM-71ASN, SYSTEM-73THR
Connected component 30
 (1 elements) SYSTEM-70HIS
Connected component 31
 (1 elements) SYSTEM-72GLY
Connected component 32
 (1 elements) SYSTEM-74GLY
Connected component 33
 (1 elements) SYSTEM-75GLY
Connected component 34
 (1 elements) SYSTEM-80GLY
Connected component 35
 (1 elements) SYSTEM-81GLU
Connected component 36
 (2 elements) SYSTEM-82LYS, SYSTEM-84GLU
/data/user/valentina/environments/python3.7-pyinteraph/lib/python3.7/site-packages/MDAnalysis/topology/PDBParser.py:330: UserWarning: Element information is absent or missing for a few atoms. Elements attributes will not be populated.
  warnings.warn("Element information is absent or missing for a few "
/data/user/valentina/environments/python3.7-pyinteraph/lib/python3.7/site-packages/Bio/PDB/Atom.py:218: PDBConstructionWarning: Used element 'N' for Atom (name=N) with given element ''
  warnings.warn(msg, PDBConstructionWarning)
/data/user/valentina/environments/python3.7-pyinteraph/lib/python3.7/site-packages/Bio/PDB/Atom.py:218: PDBConstructionWarning: Used element 'H' for Atom (name=H1) with given element ''
  warnings.warn(msg, PDBConstructionWarning)
/data/user/valentina/environments/python3.7-pyinteraph/lib/python3.7/site-packages/Bio/PDB/Atom.py:218: PDBConstructionWarning: Used element 'H' for Atom (name=H2) with given element ''
  warnings.warn(msg, PDBConstructionWarning)
/data/user/valentina/environments/python3.7-pyinteraph/lib/python3.7/site-packages/Bio/PDB/Atom.py:218: PDBConstructionWarning: Used element 'H' for Atom (name=H3) with given element ''
  warnings.warn(msg, PDBConstructionWarning)
/data/user/valentina/environments/python3.7-pyinteraph/lib/python3.7/site-packages/Bio/PDB/Atom.py:218: PDBConstructionWarning: Used element 'C' for Atom (name=CA) with given element ''
  warnings.warn(msg, PDBConstructionWarning)
/data/user/valentina/environments/python3.7-pyinteraph/lib/python3.7/site-packages/Bio/PDB/Atom.py:218: PDBConstructionWarning: Used element 'H' for Atom (name=HA) with given element ''
  warnings.warn(msg, PDBConstructionWarning)
/data/user/valentina/environments/python3.7-pyinteraph/lib/python3.7/site-packages/Bio/PDB/Atom.py:218: PDBConstructionWarning: Used element 'C' for Atom (name=CB) with given element ''
  warnings.warn(msg, PDBConstructionWarning)
/data/user/valentina/environments/python3.7-pyinteraph/lib/python3.7/site-packages/Bio/PDB/Atom.py:218: PDBConstructionWarning: Used element 'H' for Atom (name=HB) with given element ''
  warnings.warn(msg, PDBConstructionWarning)
/data/user/valentina/environments/python3.7-pyinteraph/lib/python3.7/site-packages/Bio/PDB/Atom.py:218: PDBConstructionWarning: Used element 'C' for Atom (name=CG1) with given element ''
  warnings.warn(msg, PDBConstructionWarning)
/data/user/valentina/environments/python3.7-pyinteraph/lib/python3.7/site-packages/Bio/PDB/Atom.py:218: PDBConstructionWarning: Used element 'H' for Atom (name=1HG1) with given element ''
  warnings.warn(msg, PDBConstructionWarning)
/data/user/valentina/environments/python3.7-pyinteraph/lib/python3.7/site-packages/Bio/PDB/Atom.py:218: PDBConstructionWarning: Used element 'H' for Atom (name=2HG1) with given element ''
  warnings.warn(msg, PDBConstructionWarning)
/data/user/valentina/environments/python3.7-pyinteraph/lib/python3.7/site-packages/Bio/PDB/Atom.py:218: PDBConstructionWarning: Used element 'H' for Atom (name=3HG1) with given element ''
  warnings.warn(msg, PDBConstructionWarning)
/data/user/valentina/environments/python3.7-pyinteraph/lib/python3.7/site-packages/Bio/PDB/Atom.py:218: PDBConstructionWarning: Used element 'C' for Atom (name=CG2) with given element ''
  warnings.warn(msg, PDBConstructionWarning)
/data/user/valentina/environments/python3.7-pyinteraph/lib/python3.7/site-packages/Bio/PDB/Atom.py:218: PDBConstructionWarning: Used element 'H' for Atom (name=1HG2) with given element ''
  warnings.warn(msg, PDBConstructionWarning)
/data/user/valentina/environments/python3.7-pyinteraph/lib/python3.7/site-packages/Bio/PDB/Atom.py:218: PDBConstructionWarning: Used element 'H' for Atom (name=2HG2) with given element ''
  warnings.warn(msg, PDBConstructionWarning)
/data/user/valentina/environments/python3.7-pyinteraph/lib/python3.7/site-packages/Bio/PDB/Atom.py:218: PDBConstructionWarning: Used element 'H' for Atom (name=3HG2) with given element ''
  warnings.warn(msg, PDBConstructionWarning)
/data/user/valentina/environments/python3.7-pyinteraph/lib/python3.7/site-packages/Bio/PDB/Atom.py:218: PDBConstructionWarning: Used element 'C' for Atom (name=C) with given element ''
  warnings.warn(msg, PDBConstructionWarning)
/data/user/valentina/environments/python3.7-pyinteraph/lib/python3.7/site-packages/Bio/PDB/Atom.py:218: PDBConstructionWarning: Used element 'O' for Atom (name=O) with given element ''
  warnings.warn(msg, PDBConstructionWarning)
/data/user/valentina/environments/python3.7-pyinteraph/lib/python3.7/site-packages/Bio/PDB/Atom.py:218: PDBConstructionWarning: Used element 'H' for Atom (name=HN) with given element ''
  warnings.warn(msg, PDBConstructionWarning)
/data/user/valentina/environments/python3.7-pyinteraph/lib/python3.7/site-packages/Bio/PDB/Atom.py:218: PDBConstructionWarning: Used element 'H' for Atom (name=HB1) with given element ''
  warnings.warn(msg, PDBConstructionWarning)
/data/user/valentina/environments/python3.7-pyinteraph/lib/python3.7/site-packages/Bio/PDB/Atom.py:218: PDBConstructionWarning: Used element 'H' for Atom (name=HB2) with given element ''
  warnings.warn(msg, PDBConstructionWarning)
/data/user/valentina/environments/python3.7-pyinteraph/lib/python3.7/site-packages/Bio/PDB/Atom.py:218: PDBConstructionWarning: Used element 'C' for Atom (name=CG) with given element ''
  warnings.warn(msg, PDBConstructionWarning)
/data/user/valentina/environments/python3.7-pyinteraph/lib/python3.7/site-packages/Bio/PDB/Atom.py:218: PDBConstructionWarning: Used element 'O' for Atom (name=OD1) with given element ''
  warnings.warn(msg, PDBConstructionWarning)
/data/user/valentina/environments/python3.7-pyinteraph/lib/python3.7/site-packages/Bio/PDB/Atom.py:218: PDBConstructionWarning: Used element 'N' for Atom (name=ND2) with given element ''
  warnings.warn(msg, PDBConstructionWarning)
/data/user/valentina/environments/python3.7-pyinteraph/lib/python3.7/site-packages/Bio/PDB/Atom.py:218: PDBConstructionWarning: Used element 'H' for Atom (name=1HD2) with given element ''
  warnings.warn(msg, PDBConstructionWarning)
/data/user/valentina/environments/python3.7-pyinteraph/lib/python3.7/site-packages/Bio/PDB/Atom.py:218: PDBConstructionWarning: Used element 'H' for Atom (name=2HD2) with given element ''
  warnings.warn(msg, PDBConstructionWarning)
/data/user/valentina/environments/python3.7-pyinteraph/lib/python3.7/site-packages/Bio/PDB/Atom.py:218: PDBConstructionWarning: Used element 'C' for Atom (name=CD) with given element ''
  warnings.warn(msg, PDBConstructionWarning)
/data/user/valentina/environments/python3.7-pyinteraph/lib/python3.7/site-packages/Bio/PDB/Atom.py:218: PDBConstructionWarning: Used element 'H' for Atom (name=HD1) with given element ''
  warnings.warn(msg, PDBConstructionWarning)
/data/user/valentina/environments/python3.7-pyinteraph/lib/python3.7/site-packages/Bio/PDB/Atom.py:218: PDBConstructionWarning: Used element 'H' for Atom (name=HD2) with given element ''
  warnings.warn(msg, PDBConstructionWarning)
/data/user/valentina/environments/python3.7-pyinteraph/lib/python3.7/site-packages/Bio/PDB/Atom.py:218: PDBConstructionWarning: Used element 'H' for Atom (name=HG1) with given element ''
  warnings.warn(msg, PDBConstructionWarning)
/data/user/valentina/environments/python3.7-pyinteraph/lib/python3.7/site-packages/Bio/PDB/Atom.py:218: PDBConstructionWarning: Used element 'H' for Atom (name=HG2) with given element ''
  warnings.warn(msg, PDBConstructionWarning)
/data/user/valentina/environments/python3.7-pyinteraph/lib/python3.7/site-packages/Bio/PDB/Atom.py:218: PDBConstructionWarning: Used element 'O' for Atom (name=OG1) with given element ''
  warnings.warn(msg, PDBConstructionWarning)
/data/user/valentina/environments/python3.7-pyinteraph/lib/python3.7/site-packages/Bio/PDB/Atom.py:218: PDBConstructionWarning: Used element 'C' for Atom (name=CD1) with given element ''
  warnings.warn(msg, PDBConstructionWarning)
/data/user/valentina/environments/python3.7-pyinteraph/lib/python3.7/site-packages/Bio/PDB/Atom.py:218: PDBConstructionWarning: Used element 'C' for Atom (name=CE1) with given element ''
  warnings.warn(msg, PDBConstructionWarning)
/data/user/valentina/environments/python3.7-pyinteraph/lib/python3.7/site-packages/Bio/PDB/Atom.py:218: PDBConstructionWarning: Used element 'H' for Atom (name=HE1) with given element ''
  warnings.warn(msg, PDBConstructionWarning)
/data/user/valentina/environments/python3.7-pyinteraph/lib/python3.7/site-packages/Bio/PDB/Atom.py:218: PDBConstructionWarning: Used element 'C' for Atom (name=CZ) with given element ''
  warnings.warn(msg, PDBConstructionWarning)
/data/user/valentina/environments/python3.7-pyinteraph/lib/python3.7/site-packages/Bio/PDB/Atom.py:218: PDBConstructionWarning: Used element 'H' for Atom (name=HZ) with given element ''
  warnings.warn(msg, PDBConstructionWarning)
/data/user/valentina/environments/python3.7-pyinteraph/lib/python3.7/site-packages/Bio/PDB/Atom.py:218: PDBConstructionWarning: Used element 'C' for Atom (name=CD2) with given element ''
  warnings.warn(msg, PDBConstructionWarning)
/data/user/valentina/environments/python3.7-pyinteraph/lib/python3.7/site-packages/Bio/PDB/Atom.py:218: PDBConstructionWarning: Used element 'C' for Atom (name=CE2) with given element ''
  warnings.warn(msg, PDBConstructionWarning)
/data/user/valentina/environments/python3.7-pyinteraph/lib/python3.7/site-packages/Bio/PDB/Atom.py:218: PDBConstructionWarning: Used element 'H' for Atom (name=HE2) with given element ''
  warnings.warn(msg, PDBConstructionWarning)
/data/user/valentina/environments/python3.7-pyinteraph/lib/python3.7/site-packages/Bio/PDB/Atom.py:218: PDBConstructionWarning: Used element 'O' for Atom (name=OD2) with given element ''
  warnings.warn(msg, PDBConstructionWarning)
/data/user/valentina/environments/python3.7-pyinteraph/lib/python3.7/site-packages/Bio/PDB/Atom.py:218: PDBConstructionWarning: Used element 'H' for Atom (name=HD3) with given element ''
  warnings.warn(msg, PDBConstructionWarning)
/data/user/valentina/environments/python3.7-pyinteraph/lib/python3.7/site-packages/Bio/PDB/Atom.py:218: PDBConstructionWarning: Used element 'H' for Atom (name=HB3) with given element ''
  warnings.warn(msg, PDBConstructionWarning)
/data/user/valentina/environments/python3.7-pyinteraph/lib/python3.7/site-packages/Bio/PDB/Atom.py:218: PDBConstructionWarning: Used element 'H' for Atom (name=HA1) with given element ''
  warnings.warn(msg, PDBConstructionWarning)
/data/user/valentina/environments/python3.7-pyinteraph/lib/python3.7/site-packages/Bio/PDB/Atom.py:218: PDBConstructionWarning: Used element 'H' for Atom (name=HA2) with given element ''
  warnings.warn(msg, PDBConstructionWarning)
/data/user/valentina/environments/python3.7-pyinteraph/lib/python3.7/site-packages/Bio/PDB/Atom.py:218: PDBConstructionWarning: Used element 'O' for Atom (name=OE1) with given element ''
  warnings.warn(msg, PDBConstructionWarning)
/data/user/valentina/environments/python3.7-pyinteraph/lib/python3.7/site-packages/Bio/PDB/Atom.py:218: PDBConstructionWarning: Used element 'O' for Atom (name=OE2) with given element ''
  warnings.warn(msg, PDBConstructionWarning)
/data/user/valentina/environments/python3.7-pyinteraph/lib/python3.7/site-packages/Bio/PDB/Atom.py:218: PDBConstructionWarning: Used element 'H' for Atom (name=HG) with given element ''
  warnings.warn(msg, PDBConstructionWarning)
/data/user/valentina/environments/python3.7-pyinteraph/lib/python3.7/site-packages/Bio/PDB/Atom.py:218: PDBConstructionWarning: Used element 'H' for Atom (name=1HD1) with given element ''
  warnings.warn(msg, PDBConstructionWarning)
/data/user/valentina/environments/python3.7-pyinteraph/lib/python3.7/site-packages/Bio/PDB/Atom.py:218: PDBConstructionWarning: Used element 'H' for Atom (name=2HD1) with given element ''
  warnings.warn(msg, PDBConstructionWarning)
/data/user/valentina/environments/python3.7-pyinteraph/lib/python3.7/site-packages/Bio/PDB/Atom.py:218: PDBConstructionWarning: Used element 'H' for Atom (name=3HD1) with given element ''
  warnings.warn(msg, PDBConstructionWarning)
/data/user/valentina/environments/python3.7-pyinteraph/lib/python3.7/site-packages/Bio/PDB/Atom.py:218: PDBConstructionWarning: Used element 'H' for Atom (name=3HD2) with given element ''
  warnings.warn(msg, PDBConstructionWarning)
/data/user/valentina/environments/python3.7-pyinteraph/lib/python3.7/site-packages/Bio/PDB/Atom.py:218: PDBConstructionWarning: Used element 'N' for Atom (name=NE) with given element ''
  warnings.warn(msg, PDBConstructionWarning)
/data/user/valentina/environments/python3.7-pyinteraph/lib/python3.7/site-packages/Bio/PDB/Atom.py:218: PDBConstructionWarning: Used element 'H' for Atom (name=HE) with given element ''
  warnings.warn(msg, PDBConstructionWarning)
/data/user/valentina/environments/python3.7-pyinteraph/lib/python3.7/site-packages/Bio/PDB/Atom.py:218: PDBConstructionWarning: Used element 'N' for Atom (name=NH1) with given element ''
  warnings.warn(msg, PDBConstructionWarning)
/data/user/valentina/environments/python3.7-pyinteraph/lib/python3.7/site-packages/Bio/PDB/Atom.py:218: PDBConstructionWarning: Used element 'H' for Atom (name=1HH1) with given element ''
  warnings.warn(msg, PDBConstructionWarning)
/data/user/valentina/environments/python3.7-pyinteraph/lib/python3.7/site-packages/Bio/PDB/Atom.py:218: PDBConstructionWarning: Used element 'H' for Atom (name=2HH1) with given element ''
  warnings.warn(msg, PDBConstructionWarning)
/data/user/valentina/environments/python3.7-pyinteraph/lib/python3.7/site-packages/Bio/PDB/Atom.py:218: PDBConstructionWarning: Used element 'N' for Atom (name=NH2) with given element ''
  warnings.warn(msg, PDBConstructionWarning)
/data/user/valentina/environments/python3.7-pyinteraph/lib/python3.7/site-packages/Bio/PDB/Atom.py:218: PDBConstructionWarning: Used element 'H' for Atom (name=1HH2) with given element ''
  warnings.warn(msg, PDBConstructionWarning)
/data/user/valentina/environments/python3.7-pyinteraph/lib/python3.7/site-packages/Bio/PDB/Atom.py:218: PDBConstructionWarning: Used element 'H' for Atom (name=2HH2) with given element ''
  warnings.warn(msg, PDBConstructionWarning)
/data/user/valentina/environments/python3.7-pyinteraph/lib/python3.7/site-packages/Bio/PDB/Atom.py:218: PDBConstructionWarning: Used element 'O' for Atom (name=OG) with given element ''
  warnings.warn(msg, PDBConstructionWarning)
/data/user/valentina/environments/python3.7-pyinteraph/lib/python3.7/site-packages/Bio/PDB/Atom.py:218: PDBConstructionWarning: Used element 'C' for Atom (name=CE) with given element ''
  warnings.warn(msg, PDBConstructionWarning)
/data/user/valentina/environments/python3.7-pyinteraph/lib/python3.7/site-packages/Bio/PDB/Atom.py:218: PDBConstructionWarning: Used element 'N' for Atom (name=NZ) with given element ''
  warnings.warn(msg, PDBConstructionWarning)
/data/user/valentina/environments/python3.7-pyinteraph/lib/python3.7/site-packages/Bio/PDB/Atom.py:218: PDBConstructionWarning: Used element 'H' for Atom (name=HZ1) with given element ''
  warnings.warn(msg, PDBConstructionWarning)
/data/user/valentina/environments/python3.7-pyinteraph/lib/python3.7/site-packages/Bio/PDB/Atom.py:218: PDBConstructionWarning: Used element 'H' for Atom (name=HZ2) with given element ''
  warnings.warn(msg, PDBConstructionWarning)
/data/user/valentina/environments/python3.7-pyinteraph/lib/python3.7/site-packages/Bio/PDB/Atom.py:218: PDBConstructionWarning: Used element 'H' for Atom (name=HZ3) with given element ''
  warnings.warn(msg, PDBConstructionWarning)
/data/user/valentina/environments/python3.7-pyinteraph/lib/python3.7/site-packages/Bio/PDB/Atom.py:218: PDBConstructionWarning: Used element 'O' for Atom (name=OH) with given element ''
  warnings.warn(msg, PDBConstructionWarning)
/data/user/valentina/environments/python3.7-pyinteraph/lib/python3.7/site-packages/Bio/PDB/Atom.py:218: PDBConstructionWarning: Used element 'H' for Atom (name=HH) with given element ''
  warnings.warn(msg, PDBConstructionWarning)
/data/user/valentina/environments/python3.7-pyinteraph/lib/python3.7/site-packages/Bio/PDB/Atom.py:218: PDBConstructionWarning: Used element 'S' for Atom (name=SG) with given element ''
  warnings.warn(msg, PDBConstructionWarning)
/data/user/valentina/environments/python3.7-pyinteraph/lib/python3.7/site-packages/Bio/PDB/Atom.py:218: PDBConstructionWarning: Used element 'N' for Atom (name=ND1) with given element ''
  warnings.warn(msg, PDBConstructionWarning)
/data/user/valentina/environments/python3.7-pyinteraph/lib/python3.7/site-packages/Bio/PDB/Atom.py:218: PDBConstructionWarning: Used element 'N' for Atom (name=NE2) with given element ''
  warnings.warn(msg, PDBConstructionWarning)
/data/user/valentina/environments/python3.7-pyinteraph/lib/python3.7/site-packages/Bio/PDB/Atom.py:218: PDBConstructionWarning: Used element 'S' for Atom (name=SD) with given element ''
  warnings.warn(msg, PDBConstructionWarning)
/data/user/valentina/environments/python3.7-pyinteraph/lib/python3.7/site-packages/Bio/PDB/Atom.py:218: PDBConstructionWarning: Used element 'H' for Atom (name=HE3) with given element ''
  warnings.warn(msg, PDBConstructionWarning)
/data/user/valentina/environments/python3.7-pyinteraph/lib/python3.7/site-packages/Bio/PDB/Atom.py:218: PDBConstructionWarning: Used element 'H' for Atom (name=1HE2) with given element ''
  warnings.warn(msg, PDBConstructionWarning)
/data/user/valentina/environments/python3.7-pyinteraph/lib/python3.7/site-packages/Bio/PDB/Atom.py:218: PDBConstructionWarning: Used element 'H' for Atom (name=2HE2) with given element ''
  warnings.warn(msg, PDBConstructionWarning)
/data/user/valentina/environments/python3.7-pyinteraph/lib/python3.7/site-packages/Bio/PDB/Atom.py:218: PDBConstructionWarning: Used element 'N' for Atom (name=NE1) with given element ''
  warnings.warn(msg, PDBConstructionWarning)
/data/user/valentina/environments/python3.7-pyinteraph/lib/python3.7/site-packages/Bio/PDB/Atom.py:218: PDBConstructionWarning: Used element 'C' for Atom (name=CE3) with given element ''
  warnings.warn(msg, PDBConstructionWarning)
/data/user/valentina/environments/python3.7-pyinteraph/lib/python3.7/site-packages/Bio/PDB/Atom.py:218: PDBConstructionWarning: Used element 'C' for Atom (name=CZ3) with given element ''
  warnings.warn(msg, PDBConstructionWarning)
/data/user/valentina/environments/python3.7-pyinteraph/lib/python3.7/site-packages/Bio/PDB/Atom.py:218: PDBConstructionWarning: Used element 'C' for Atom (name=CZ2) with given element ''
  warnings.warn(msg, PDBConstructionWarning)
/data/user/valentina/environments/python3.7-pyinteraph/lib/python3.7/site-packages/Bio/PDB/Atom.py:218: PDBConstructionWarning: Used element 'C' for Atom (name=CH2) with given element ''
  warnings.warn(msg, PDBConstructionWarning)
/data/user/valentina/environments/python3.7-pyinteraph/lib/python3.7/site-packages/Bio/PDB/Atom.py:218: PDBConstructionWarning: Used element 'H' for Atom (name=HH2) with given element ''
  warnings.warn(msg, PDBConstructionWarning)
/data/user/valentina/environments/python3.7-pyinteraph/lib/python3.7/site-packages/Bio/PDB/Atom.py:218: PDBConstructionWarning: Used element 'O' for Atom (name=OT1) with given element ''
  warnings.warn(msg, PDBConstructionWarning)
/data/user/valentina/environments/python3.7-pyinteraph/lib/python3.7/site-packages/Bio/PDB/Atom.py:218: PDBConstructionWarning: Used element 'O' for Atom (name=OT2) with given element ''
  warnings.warn(msg, PDBConstructionWarning)
/data/user/valentina/environments/python3.7-pyinteraph/lib/python3.7/site-packages/Bio/PDB/PDBParser.py:399: PDBConstructionWarning: Ignoring unrecognized record 'TER' at line 2472
  PDBConstructionWarning,
Connected component 37
 (1 elements) SYSTEM-89ILE
Connected component 38
 (1 elements) SYSTEM-93THR
Connected component 39
 (1 elements) SYSTEM-94GLY
Connected component 40
 (1 elements) SYSTEM-95PRO
Connected component 41
 (1 elements) SYSTEM-96GLY
Connected component 42
 (1 elements) SYSTEM-104GLY
Connected component 43
 (1 elements) SYSTEM-105PRO
Connected component 44
 (1 elements) SYSTEM-106ASN
Connected component 45
 (1 elements) SYSTEM-109GLY
Connected component 46
 (1 elements) SYSTEM-112PHE
Connected component 47
 (1 elements) SYSTEM-117ALA
Connected component 48
 (2 elements) SYSTEM-118LYS, SYSTEM-120GLU
Connected component 49
 (1 elements) SYSTEM-124GLY
Connected component 50
 (1 elements) SYSTEM-125LYS
Connected component 51
 (1 elements) SYSTEM-130GLY
Connected component 52
 (1 elements) SYSTEM-135GLY
Connected component 53
 (2 elements) SYSTEM-137ASN, SYSTEM-138ILE
Connected component 54
 (1 elements) SYSTEM-140GLU
Connected component 55
 (1 elements) SYSTEM-146GLY
Connected component 56
 (2 elements) SYSTEM-147SER, SYSTEM-149ASN
Connected component 57
 (1 elements) SYSTEM-150GLY
Connected component 58
 (1 elements) SYSTEM-151LYS
Connected component 59
 (1 elements) SYSTEM-153SER
Connected component 60
 (1 elements) SYSTEM-162GLY
