/data/user/valentina/environments/python3.7-pyinknife/lib/python3.7/site-packages/MDAnalysis/coordinates/chemfiles.py:108: DeprecationWarning: distutils Version classes are deprecated. Use packaging.version instead.
  MIN_CHEMFILES_VERSION = LooseVersion("0.9")
/data/user/valentina/environments/python3.7-pyinknife/lib/python3.7/site-packages/Bio/PDB/PDBParser.py:399: PDBConstructionWarning: Ignoring unrecognized record 'TER' at line 2477
  PDBConstructionWarning,
Graph loaded! 163 nodes, 283 edges
Node list: 
SYSTEM-10ILE
SYSTEM-100MET
SYSTEM-101ALA
SYSTEM-102ASN
SYSTEM-103ALA
SYSTEM-104GLY
SYSTEM-105PRO
SYSTEM-106ASN
SYSTEM-107THR
SYSTEM-108ASN
SYSTEM-109GLY
SYSTEM-11ALA
SYSTEM-110SER
SYSTEM-111GLN
SYSTEM-112PHE
SYSTEM-113PHE
SYSTEM-114ILE
SYSTEM-115CYS
SYSTEM-116THR
SYSTEM-117ALA
SYSTEM-118LYS
SYSTEM-119THR
SYSTEM-12VAL
SYSTEM-120GLU
SYSTEM-121TRP
SYSTEM-122LEU
SYSTEM-123ASP
SYSTEM-124GLY
SYSTEM-125LYS
SYSTEM-126HIS
SYSTEM-127VAL
SYSTEM-128VAL
SYSTEM-129PHE
SYSTEM-13ASP
SYSTEM-130GLY
SYSTEM-131LYS
SYSTEM-132VAL
SYSTEM-133LYS
SYSTEM-134GLU
SYSTEM-135GLY
SYSTEM-136MET
SYSTEM-137ASN
SYSTEM-138ILE
SYSTEM-139VAL
SYSTEM-14GLY
SYSTEM-140GLU
SYSTEM-141ALA
SYSTEM-142MET
SYSTEM-143GLU
SYSTEM-144ARG
SYSTEM-145PHE
SYSTEM-146GLY
SYSTEM-147SER
SYSTEM-148ARG
SYSTEM-149ASN
SYSTEM-15GLU
SYSTEM-150GLY
SYSTEM-151LYS
SYSTEM-152THR
SYSTEM-153SER
SYSTEM-154LYS
SYSTEM-155LYS
SYSTEM-156ILE
SYSTEM-157THR
SYSTEM-158ILE
SYSTEM-159ALA
SYSTEM-16PRO
SYSTEM-160ASP
SYSTEM-161CYS
SYSTEM-162GLY
SYSTEM-163GLN
SYSTEM-164LEU
SYSTEM-17LEU
SYSTEM-18GLY
SYSTEM-19ARG
SYSTEM-2VAL
SYSTEM-20VAL
SYSTEM-21SER
SYSTEM-22PHE
SYSTEM-23GLU
SYSTEM-24LEU
SYSTEM-25PHE
SYSTEM-26ALA
SYSTEM-27ASP
SYSTEM-28LYS
SYSTEM-29VAL
SYSTEM-3ASN
SYSTEM-30PRO
SYSTEM-31LYS
SYSTEM-32THR
SYSTEM-33ALA
SYSTEM-34GLU
SYSTEM-35ASN
SYSTEM-36PHE
SYSTEM-37ARG
SYSTEM-38ALA
SYSTEM-39LEU
SYSTEM-4PRO
SYSTEM-40SER
SYSTEM-41THR
SYSTEM-42GLY
SYSTEM-43GLU
SYSTEM-44LYS
SYSTEM-45GLY
SYSTEM-46PHE
SYSTEM-47GLY
SYSTEM-48TYR
SYSTEM-49LYS
SYSTEM-5THR
SYSTEM-50GLY
SYSTEM-51SER
SYSTEM-52CYS
SYSTEM-53PHE
SYSTEM-54HIS
SYSTEM-55ARG
SYSTEM-56ILE
SYSTEM-57ILE
SYSTEM-58PRO
SYSTEM-59GLY
SYSTEM-6VAL
SYSTEM-60PHE
SYSTEM-61MET
SYSTEM-62CYS
SYSTEM-63GLN
SYSTEM-64GLY
SYSTEM-65GLY
SYSTEM-66ASP
SYSTEM-67PHE
SYSTEM-68THR
SYSTEM-69ARG
SYSTEM-7PHE
SYSTEM-70HIS
SYSTEM-71ASN
SYSTEM-72GLY
SYSTEM-73THR
SYSTEM-74GLY
SYSTEM-75GLY
SYSTEM-76LYS
SYSTEM-77SER
SYSTEM-78ILE
SYSTEM-79TYR
SYSTEM-8PHE
SYSTEM-80GLY
SYSTEM-81GLU
SYSTEM-82LYS
SYSTEM-83PHE
SYSTEM-84GLU
SYSTEM-85ASP
SYSTEM-86GLU
SYSTEM-87ASN
SYSTEM-88PHE
SYSTEM-89ILE
SYSTEM-9ASP
SYSTEM-90LEU
SYSTEM-91LYS
SYSTEM-92HIS
SYSTEM-93THR
SYSTEM-94GLY
SYSTEM-95PRO
SYSTEM-96GLY
SYSTEM-97ILE
SYSTEM-98LEU
SYSTEM-99SER
[('SYSTEM-29VAL', 7), ('SYSTEM-32THR', 7), ('SYSTEM-36PHE', 7), ('SYSTEM-38ALA', 7), ('SYSTEM-39LEU', 7), ('SYSTEM-48TYR', 7), ('SYSTEM-62CYS', 7), ('SYSTEM-92HIS', 7), ('SYSTEM-102ASN', 7), ('SYSTEM-113PHE', 7), ('SYSTEM-126HIS', 7), ('SYSTEM-156ILE', 7), ('SYSTEM-12VAL', 6), ('SYSTEM-21SER', 6), ('SYSTEM-24LEU', 6), ('SYSTEM-31LYS', 6), ('SYSTEM-40SER', 6), ('SYSTEM-63GLN', 6), ('SYSTEM-77SER', 6), ('SYSTEM-78ILE', 6), ('SYSTEM-83PHE', 6), ('SYSTEM-86GLU', 6), ('SYSTEM-101ALA', 6), ('SYSTEM-111GLN', 6), ('SYSTEM-119THR', 6), ('SYSTEM-122LEU', 6), ('SYSTEM-129PHE', 6), ('SYSTEM-139VAL', 6), ('SYSTEM-142MET', 6), ('SYSTEM-10ILE', 5), ('SYSTEM-20VAL', 5), ('SYSTEM-22PHE', 5), ('SYSTEM-23GLU', 5), ('SYSTEM-25PHE', 5), ('SYSTEM-26ALA', 5), ('SYSTEM-33ALA', 5), ('SYSTEM-35ASN', 5), ('SYSTEM-37ARG', 5), ('SYSTEM-41THR', 5), ('SYSTEM-51SER', 5), ('SYSTEM-52CYS', 5), ('SYSTEM-61MET', 5), ('SYSTEM-66ASP', 5), ('SYSTEM-67PHE', 5), ('SYSTEM-79TYR', 5), ('SYSTEM-90LEU', 5), ('SYSTEM-97ILE', 5), ('SYSTEM-98LEU', 5), ('SYSTEM-99SER', 5), ('SYSTEM-100MET', 5), ('SYSTEM-108ASN', 5), ('SYSTEM-110SER', 5), ('SYSTEM-115CYS', 5), ('SYSTEM-127VAL', 5), ('SYSTEM-158ILE', 5), ('SYSTEM-161CYS', 5), ('SYSTEM-3ASN', 4), ('SYSTEM-5THR', 4), ('SYSTEM-6VAL', 4), ('SYSTEM-7PHE', 4), ('SYSTEM-8PHE', 4), ('SYSTEM-9ASP', 4), ('SYSTEM-11ALA', 4), ('SYSTEM-17LEU', 4), ('SYSTEM-27ASP', 4), ('SYSTEM-28LYS', 4), ('SYSTEM-43GLU', 4), ('SYSTEM-53PHE', 4), ('SYSTEM-56ILE', 4), ('SYSTEM-57ILE', 4), ('SYSTEM-60PHE', 4), ('SYSTEM-68THR', 4), ('SYSTEM-85ASP', 4), ('SYSTEM-87ASN', 4), ('SYSTEM-114ILE', 4), ('SYSTEM-128VAL', 4), ('SYSTEM-132VAL', 4), ('SYSTEM-138ILE', 4), ('SYSTEM-145PHE', 4), ('SYSTEM-154LYS', 4), ('SYSTEM-157THR', 4), ('SYSTEM-159ALA', 4), ('SYSTEM-160ASP', 4), ('SYSTEM-163GLN', 4), ('SYSTEM-4PRO', 3), ('SYSTEM-13ASP', 3), ('SYSTEM-19ARG', 3), ('SYSTEM-30PRO', 3), ('SYSTEM-44LYS', 3), ('SYSTEM-54HIS', 3), ('SYSTEM-55ARG', 3), ('SYSTEM-58PRO', 3), ('SYSTEM-69ARG', 3), ('SYSTEM-70HIS', 3), ('SYSTEM-73THR', 3), ('SYSTEM-82LYS', 3), ('SYSTEM-84GLU', 3), ('SYSTEM-89ILE', 3), ('SYSTEM-103ALA', 3), ('SYSTEM-107THR', 3), ('SYSTEM-112PHE', 3), ('SYSTEM-116THR', 3), ('SYSTEM-117ALA', 3), ('SYSTEM-121TRP', 3), ('SYSTEM-131LYS', 3), ('SYSTEM-133LYS', 3), ('SYSTEM-136MET', 3), ('SYSTEM-140GLU', 3), ('SYSTEM-141ALA', 3), ('SYSTEM-143GLU', 3), ('SYSTEM-149ASN', 3), ('SYSTEM-152THR', 3), ('SYSTEM-153SER', 3), ('SYSTEM-155LYS', 3), ('SYSTEM-164LEU', 3)]
Hubs:
	Node	k
	SYSTEM-29VAL	7
	SYSTEM-32THR	7
	SYSTEM-36PHE	7
	SYSTEM-38ALA	7
	SYSTEM-39LEU	7
	SYSTEM-48TYR	7
	SYSTEM-62CYS	7
	SYSTEM-92HIS	7
	SYSTEM-102ASN	7
	SYSTEM-113PHE	7
	SYSTEM-126HIS	7
	SYSTEM-156ILE	7
	SYSTEM-12VAL	6
	SYSTEM-21SER	6
	SYSTEM-24LEU	6
	SYSTEM-31LYS	6
	SYSTEM-40SER	6
	SYSTEM-63GLN	6
	SYSTEM-77SER	6
	SYSTEM-78ILE	6
	SYSTEM-83PHE	6
	SYSTEM-86GLU	6
	SYSTEM-101ALA	6
	SYSTEM-111GLN	6
	SYSTEM-119THR	6
	SYSTEM-122LEU	6
	SYSTEM-129PHE	6
	SYSTEM-139VAL	6
	SYSTEM-142MET	6
	SYSTEM-10ILE	5
	SYSTEM-20VAL	5
	SYSTEM-22PHE	5
	SYSTEM-23GLU	5
	SYSTEM-25PHE	5
	SYSTEM-26ALA	5
	SYSTEM-33ALA	5
	SYSTEM-35ASN	5
	SYSTEM-37ARG	5
	SYSTEM-41THR	5
	SYSTEM-51SER	5
	SYSTEM-52CYS	5
	SYSTEM-61MET	5
	SYSTEM-66ASP	5
	SYSTEM-67PHE	5
	SYSTEM-79TYR	5
	SYSTEM-90LEU	5
	SYSTEM-97ILE	5
	SYSTEM-98LEU	5
	SYSTEM-99SER	5
	SYSTEM-100MET	5
	SYSTEM-108ASN	5
	SYSTEM-110SER	5
	SYSTEM-115CYS	5
	SYSTEM-127VAL	5
	SYSTEM-158ILE	5
	SYSTEM-161CYS	5
	SYSTEM-3ASN	4
	SYSTEM-5THR	4
	SYSTEM-6VAL	4
	SYSTEM-7PHE	4
	SYSTEM-8PHE	4
	SYSTEM-9ASP	4
	SYSTEM-11ALA	4
	SYSTEM-17LEU	4
	SYSTEM-27ASP	4
	SYSTEM-28LYS	4
	SYSTEM-43GLU	4
	SYSTEM-53PHE	4
	SYSTEM-56ILE	4
	SYSTEM-57ILE	4
	SYSTEM-60PHE	4
	SYSTEM-68THR	4
	SYSTEM-85ASP	4
	SYSTEM-87ASN	4
	SYSTEM-114ILE	4
	SYSTEM-128VAL	4
	SYSTEM-132VAL	4
	SYSTEM-138ILE	4
	SYSTEM-145PHE	4
	SYSTEM-154LYS	4
	SYSTEM-157THR	4
	SYSTEM-159ALA	4
	SYSTEM-160ASP	4
	SYSTEM-163GLN	4
	SYSTEM-4PRO	3
	SYSTEM-13ASP	3
	SYSTEM-19ARG	3
	SYSTEM-30PRO	3
	SYSTEM-44LYS	3
	SYSTEM-54HIS	3
	SYSTEM-55ARG	3
	SYSTEM-58PRO	3
	SYSTEM-69ARG	3
	SYSTEM-70HIS	3
	SYSTEM-73THR	3
	SYSTEM-82LYS	3
	SYSTEM-84GLU	3
	SYSTEM-89ILE	3
	SYSTEM-103ALA	3
	SYSTEM-107THR	3
	SYSTEM-112PHE	3
	SYSTEM-116THR	3
	SYSTEM-117ALA	3
	SYSTEM-121TRP	3
	SYSTEM-131LYS	3
	SYSTEM-133LYS	3
	SYSTEM-136MET	3
	SYSTEM-140GLU	3
	SYSTEM-141ALA	3
	SYSTEM-143GLU	3
	SYSTEM-149ASN	3
	SYSTEM-152THR	3
	SYSTEM-153SER	3
	SYSTEM-155LYS	3
	SYSTEM-164LEU	3
