Graph loaded! 163 nodes, 283 edges
Node list: 
SYSTEM-10ILE
SYSTEM-100MET
SYSTEM-101ALA
SYSTEM-102ASN
SYSTEM-103ALA
SYSTEM-104GLY
SYSTEM-105PRO
SYSTEM-106ASN
SYSTEM-107THR
SYSTEM-108ASN
SYSTEM-109GLY
SYSTEM-11ALA
SYSTEM-110SER
SYSTEM-111GLN
SYSTEM-112PHE
SYSTEM-113PHE
SYSTEM-114ILE
SYSTEM-115CYS
SYSTEM-116THR
SYSTEM-117ALA
SYSTEM-118LYS
SYSTEM-119THR
SYSTEM-12VAL
SYSTEM-120GLU
SYSTEM-121TRP
SYSTEM-122LEU
SYSTEM-123ASP
SYSTEM-124GLY
SYSTEM-125LYS
SYSTEM-126HIS
SYSTEM-127VAL
SYSTEM-128VAL
SYSTEM-129PHE
SYSTEM-13ASP
SYSTEM-130GLY
SYSTEM-131LYS
SYSTEM-132VAL
SYSTEM-133LYS
SYSTEM-134GLU
SYSTEM-135GLY
SYSTEM-136MET
SYSTEM-137ASN
SYSTEM-138ILE
SYSTEM-139VAL
SYSTEM-14GLY
SYSTEM-140GLU
SYSTEM-141ALA
SYSTEM-142MET
SYSTEM-143GLU
SYSTEM-144ARG
SYSTEM-145PHE
SYSTEM-146GLY
SYSTEM-147SER
SYSTEM-148ARG
SYSTEM-149ASN
SYSTEM-15GLU
SYSTEM-150GLY
SYSTEM-151LYS
SYSTEM-152THR
SYSTEM-153SER
SYSTEM-154LYS
SYSTEM-155LYS
SYSTEM-156ILE
SYSTEM-157THR
SYSTEM-158ILE
SYSTEM-159ALA
SYSTEM-16PRO
SYSTEM-160ASP
SYSTEM-161CYS
SYSTEM-162GLY
SYSTEM-163GLN
SYSTEM-164LEU
SYSTEM-17LEU
SYSTEM-18GLY
SYSTEM-19ARG
SYSTEM-2VAL
SYSTEM-20VAL
SYSTEM-21SER
SYSTEM-22PHE
SYSTEM-23GLU
SYSTEM-24LEU
SYSTEM-25PHE
SYSTEM-26ALA
SYSTEM-27ASP
SYSTEM-28LYS
SYSTEM-29VAL
SYSTEM-3ASN
SYSTEM-30PRO
SYSTEM-31LYS
SYSTEM-32THR
SYSTEM-33ALA
SYSTEM-34GLU
SYSTEM-35ASN
SYSTEM-36PHE
SYSTEM-37ARG
SYSTEM-38ALA
SYSTEM-39LEU
SYSTEM-4PRO
SYSTEM-40SER
SYSTEM-41THR
SYSTEM-42GLY
SYSTEM-43GLU
SYSTEM-44LYS
SYSTEM-45GLY
SYSTEM-46PHE
SYSTEM-47GLY
SYSTEM-48TYR
SYSTEM-49LYS
SYSTEM-5THR
SYSTEM-50GLY
SYSTEM-51SER
SYSTEM-52CYS
SYSTEM-53PHE
SYSTEM-54HIS
SYSTEM-55ARG
SYSTEM-56ILE
SYSTEM-57ILE
SYSTEM-58PRO
SYSTEM-59GLY
SYSTEM-6VAL
SYSTEM-60PHE
SYSTEM-61MET
SYSTEM-62CYS
SYSTEM-63GLN
SYSTEM-64GLY
SYSTEM-65GLY
SYSTEM-66ASP
SYSTEM-67PHE
SYSTEM-68THR
SYSTEM-69ARG
SYSTEM-7PHE
SYSTEM-70HIS
SYSTEM-71ASN
SYSTEM-72GLY
SYSTEM-73THR
SYSTEM-74GLY
SYSTEM-75GLY
SYSTEM-76LYS
SYSTEM-77SER
SYSTEM-78ILE
SYSTEM-79TYR
SYSTEM-8PHE
SYSTEM-80GLY
SYSTEM-81GLU
SYSTEM-82LYS
SYSTEM-83PHE
SYSTEM-84GLU
SYSTEM-85ASP
SYSTEM-86GLU
SYSTEM-87ASN
SYSTEM-88PHE
SYSTEM-89ILE
SYSTEM-9ASP
SYSTEM-90LEU
SYSTEM-91LYS
SYSTEM-92HIS
SYSTEM-93THR
SYSTEM-94GLY
SYSTEM-95PRO
SYSTEM-96GLY
SYSTEM-97ILE
SYSTEM-98LEU
SYSTEM-99SER
[{'SYSTEM-32THR', 'SYSTEM-139VAL', 'SYSTEM-39LEU', 'SYSTEM-49LYS', 'SYSTEM-134GLU', 'SYSTEM-158ILE', 'SYSTEM-34GLU', 'SYSTEM-147SER', 'SYSTEM-153SER', 'SYSTEM-138ILE', 'SYSTEM-52CYS', 'SYSTEM-10ILE', 'SYSTEM-27ASP', 'SYSTEM-60PHE', 'SYSTEM-73THR', 'SYSTEM-78ILE', 'SYSTEM-69ARG', 'SYSTEM-48TYR', 'SYSTEM-123ASP', 'SYSTEM-91LYS', 'SYSTEM-85ASP', 'SYSTEM-4PRO', 'SYSTEM-132VAL', 'SYSTEM-92HIS', 'SYSTEM-93THR', 'SYSTEM-71ASN', 'SYSTEM-33ALA', 'SYSTEM-122LEU', 'SYSTEM-117ALA', 'SYSTEM-156ILE', 'SYSTEM-25PHE', 'SYSTEM-107THR', 'SYSTEM-43GLU', 'SYSTEM-133LYS', 'SYSTEM-66ASP', 'SYSTEM-154LYS', 'SYSTEM-148ARG', 'SYSTEM-161CYS', 'SYSTEM-82LYS', 'SYSTEM-9ASP', 'SYSTEM-149ASN', 'SYSTEM-79TYR', 'SYSTEM-155LYS', 'SYSTEM-13ASP', 'SYSTEM-77SER', 'SYSTEM-142MET', 'SYSTEM-81GLU', 'SYSTEM-163GLN', 'SYSTEM-115CYS', 'SYSTEM-76LYS', 'SYSTEM-5THR', 'SYSTEM-111GLN', 'SYSTEM-38ALA', 'SYSTEM-152THR', 'SYSTEM-87ASN', 'SYSTEM-101ALA', 'SYSTEM-62CYS', 'SYSTEM-126HIS', 'SYSTEM-61MET', 'SYSTEM-21SER', 'SYSTEM-57ILE', 'SYSTEM-116THR', 'SYSTEM-70HIS', 'SYSTEM-6VAL', 'SYSTEM-83PHE', 'SYSTEM-29VAL', 'SYSTEM-63GLN', 'SYSTEM-35ASN', 'SYSTEM-119THR', 'SYSTEM-40SER', 'SYSTEM-86GLU', 'SYSTEM-30PRO', 'SYSTEM-112PHE', 'SYSTEM-95PRO', 'SYSTEM-28LYS', 'SYSTEM-2VAL', 'SYSTEM-8PHE', 'SYSTEM-84GLU', 'SYSTEM-141ALA', 'SYSTEM-55ARG', 'SYSTEM-136MET', 'SYSTEM-100MET', 'SYSTEM-103ALA', 'SYSTEM-3ASN', 'SYSTEM-140GLU', 'SYSTEM-56ILE', 'SYSTEM-67PHE', 'SYSTEM-31LYS', 'SYSTEM-114ILE', 'SYSTEM-54HIS', 'SYSTEM-41THR', 'SYSTEM-53PHE', 'SYSTEM-127VAL', 'SYSTEM-108ASN', 'SYSTEM-46PHE', 'SYSTEM-11ALA', 'SYSTEM-7PHE', 'SYSTEM-151LYS', 'SYSTEM-20VAL', 'SYSTEM-128VAL', 'SYSTEM-16PRO', 'SYSTEM-51SER', 'SYSTEM-129PHE', 'SYSTEM-145PHE', 'SYSTEM-88PHE', 'SYSTEM-159ALA', 'SYSTEM-58PRO', 'SYSTEM-15GLU', 'SYSTEM-19ARG', 'SYSTEM-44LYS', 'SYSTEM-102ASN', 'SYSTEM-164LEU', 'SYSTEM-99SER', 'SYSTEM-24LEU', 'SYSTEM-97ILE', 'SYSTEM-98LEU', 'SYSTEM-12VAL', 'SYSTEM-137ASN', 'SYSTEM-143GLU', 'SYSTEM-160ASP', 'SYSTEM-90LEU', 'SYSTEM-26ALA', 'SYSTEM-131LYS', 'SYSTEM-110SER', 'SYSTEM-68THR', 'SYSTEM-144ARG', 'SYSTEM-37ARG', 'SYSTEM-22PHE', 'SYSTEM-23GLU', 'SYSTEM-17LEU', 'SYSTEM-36PHE', 'SYSTEM-89ILE', 'SYSTEM-125LYS', 'SYSTEM-121TRP', 'SYSTEM-157THR', 'SYSTEM-113PHE'}, {'SYSTEM-14GLY'}, {'SYSTEM-18GLY'}, {'SYSTEM-42GLY'}, {'SYSTEM-45GLY'}, {'SYSTEM-47GLY'}, {'SYSTEM-50GLY'}, {'SYSTEM-59GLY'}, {'SYSTEM-64GLY'}, {'SYSTEM-65GLY'}, {'SYSTEM-72GLY'}, {'SYSTEM-74GLY'}, {'SYSTEM-75GLY'}, {'SYSTEM-80GLY'}, {'SYSTEM-94GLY'}, {'SYSTEM-96GLY'}, {'SYSTEM-104GLY'}, {'SYSTEM-105PRO', 'SYSTEM-106ASN'}, {'SYSTEM-109GLY'}, {'SYSTEM-120GLU', 'SYSTEM-118LYS'}, {'SYSTEM-124GLY'}, {'SYSTEM-130GLY'}, {'SYSTEM-135GLY'}, {'SYSTEM-146GLY'}, {'SYSTEM-150GLY'}, {'SYSTEM-162GLY'}]
Connected component 1
 (136 elements) SYSTEM-10ILE, SYSTEM-100MET, SYSTEM-101ALA, SYSTEM-102ASN, SYSTEM-103ALA, SYSTEM-107THR, SYSTEM-108ASN, SYSTEM-11ALA, SYSTEM-110SER, SYSTEM-111GLN, SYSTEM-112PHE, SYSTEM-113PHE, SYSTEM-114ILE, SYSTEM-115CYS, SYSTEM-116THR, SYSTEM-117ALA, SYSTEM-119THR, SYSTEM-12VAL, SYSTEM-121TRP, SYSTEM-122LEU, SYSTEM-123ASP, SYSTEM-125LYS, SYSTEM-126HIS, SYSTEM-127VAL, SYSTEM-128VAL, SYSTEM-129PHE, SYSTEM-13ASP, SYSTEM-131LYS, SYSTEM-132VAL, SYSTEM-133LYS, SYSTEM-134GLU, SYSTEM-136MET, SYSTEM-137ASN, SYSTEM-138ILE, SYSTEM-139VAL, SYSTEM-140GLU, SYSTEM-141ALA, SYSTEM-142MET, SYSTEM-143GLU, SYSTEM-144ARG, SYSTEM-145PHE, SYSTEM-147SER, SYSTEM-148ARG, SYSTEM-149ASN, SYSTEM-15GLU, SYSTEM-151LYS, SYSTEM-152THR, SYSTEM-153SER, SYSTEM-154LYS, SYSTEM-155LYS, SYSTEM-156ILE, SYSTEM-157THR, SYSTEM-158ILE, SYSTEM-159ALA, SYSTEM-16PRO, SYSTEM-160ASP, SYSTEM-161CYS, SYSTEM-163GLN, SYSTEM-164LEU, SYSTEM-17LEU, SYSTEM-19ARG, SYSTEM-2VAL, SYSTEM-20VAL, SYSTEM-21SER, SYSTEM-22PHE, SYSTEM-23GLU, SYSTEM-24LEU, SYSTEM-25PHE, SYSTEM-26ALA, SYSTEM-27ASP, SYSTEM-28LYS, SYSTEM-29VAL, SYSTEM-3ASN, SYSTEM-30PRO, SYSTEM-31LYS, SYSTEM-32THR, SYSTEM-33ALA, SYSTEM-34GLU, SYSTEM-35ASN, SYSTEM-36PHE, SYSTEM-37ARG, SYSTEM-38ALA, SYSTEM-39LEU, SYSTEM-4PRO, SYSTEM-40SER, SYSTEM-41THR, SYSTEM-43GLU, SYSTEM-44LYS, SYSTEM-46PHE, SYSTEM-48TYR, SYSTEM-49LYS, SYSTEM-5THR, SYSTEM-51SER, SYSTEM-52CYS, SYSTEM-53PHE, SYSTEM-54HIS, SYSTEM-55ARG, SYSTEM-56ILE, SYSTEM-57ILE, SYSTEM-58PRO, SYSTEM-6VAL, SYSTEM-60PHE, SYSTEM-61MET, SYSTEM-62CYS, SYSTEM-63GLN, SYSTEM-66ASP, SYSTEM-67PHE, SYSTEM-68THR, SYSTEM-69ARG, SYSTEM-7PHE, SYSTEM-70HIS, SYSTEM-71ASN, SYSTEM-73THR, SYSTEM-76LYS, SYSTEM-77SER, SYSTEM-78ILE, SYSTEM-79TYR, SYSTEM-8PHE, SYSTEM-81GLU, SYSTEM-82LYS, SYSTEM-83PHE, SYSTEM-84GLU, SYSTEM-85ASP, SYSTEM-86GLU, SYSTEM-87ASN, SYSTEM-88PHE, SYSTEM-89ILE, SYSTEM-9ASP, SYSTEM-90LEU, SYSTEM-91LYS, SYSTEM-92HIS, SYSTEM-93THR, SYSTEM-95PRO, SYSTEM-97ILE, SYSTEM-98LEU, SYSTEM-99SER
Connected component 2
 (1 elements) SYSTEM-14GLY
Connected component 3
 (1 elements) SYSTEM-18GLY
Connected component 4
 (1 elements) SYSTEM-42GLY
Connected component 5
 (1 elements) SYSTEM-45GLY
Connected component 6
 (1 elements) SYSTEM-47GLY
Connected component 7
 (1 elements) SYSTEM-50GLY
Connected component 8
 (1 elements) SYSTEM-59GLY
Connected component 9
 (1 elements) SYSTEM-64GLY
Connected component 10
 (1 elements) SYSTEM-65GLY
Connected component 11
 (1 elements) SYSTEM-72GLY
Connected component 12
 (1 elements) SYSTEM-74GLY
Connected component 13
 (1 elements) SYSTEM-75GLY
Connected component 14
 (1 elements) SYSTEM-80GLY
Connected component 15
 (1 elements) SYSTEM-94GLY
Connected component 16
 (1 elements) SYSTEM-96GLY
Connected component 17
 (1 elements) SYSTEM-104GLY
Connected component 18
 (2 elements) SYSTEM-105PRO, SYSTEM-106ASN
Connected component 19
 (1 elements) SYSTEM-109GLY
Connected component 20
 (2 elements) SYSTEM-118LYS, SYSTEM-120GLU
Connected component 21
 (1 elements) SYSTEM-124GLY
Connected component 22
 (1 elements) SYSTEM-130GLY
Connected component 23
 (1 elements) SYSTEM-135GLY
Connected component 24
 (1 elements) SYSTEM-146GLY
Connected component 25
 (1 elements) SYSTEM-150GLY
Connected component 26
 (1 elements) SYSTEM-162GLY
/data/user/valentina/environments/python3.7-pyinknife/lib/python3.7/site-packages/MDAnalysis/coordinates/chemfiles.py:108: DeprecationWarning: distutils Version classes are deprecated. Use packaging.version instead.
  MIN_CHEMFILES_VERSION = LooseVersion("0.9")
/data/user/valentina/environments/python3.7-pyinknife/lib/python3.7/site-packages/Bio/PDB/PDBParser.py:399: PDBConstructionWarning: Ignoring unrecognized record 'TER' at line 2477
  PDBConstructionWarning,
